<?xml version="1.0" encoding="UTF-8"?>
<testng-results skipped="0" failed="0" total="1" passed="1">
  <reporter-output>
  </reporter-output>
  <suite name="Default suite" duration-ms="11502" started-at="2021-07-18T15:18:04Z" finished-at="2021-07-18T15:18:15Z">
    <groups>
    </groups>
    <test name="Default test" duration-ms="11502" started-at="2021-07-18T15:18:04Z" finished-at="2021-07-18T15:18:15Z">
      <class name="org.fis.UI.automation.TC_003_MultiwindowHandling">
        <test-method status="PASS" signature="multiWindow()[pri:0, instance:org.fis.UI.automation.TC_003_MultiwindowHandling@548a9f61]" name="multiWindow" duration-ms="11471" started-at="2021-07-18T20:48:04Z" finished-at="2021-07-18T20:48:15Z">
          <reporter-output>
          </reporter-output>
        </test-method> <!-- multiWindow -->
      </class> <!-- org.fis.UI.automation.TC_003_MultiwindowHandling -->
    </test> <!-- Default test -->
  </suite> <!-- Default suite -->
</testng-results>
